2020-05-08 17:36:05.4132 INFO Была нажата кнопка для перехода на форму 'Файл'
2020-05-08 17:36:05.4918 INFO Запуск открытия конкретного файла успешен
2020-05-08 17:36:10.6859 INFO Запущена процедура открытия файла
2020-05-08 17:36:13.7468 INFO Процедура открытия файла прошла успешно
2020-05-08 17:36:18.6919 INFO Процедура очистки файла прошла успешно
2020-05-08 17:36:21.9562 INFO Была нажата кнопка для перехода В главное меню
2020-05-08 17:36:36.5959 INFO Программа была успешна закрыта
2020-05-08 17:36:48.7338 INFO Была нажата кнопка для перехода на форму 'Модули'
2020-05-08 17:36:55.2124 INFO Была нажата кнопка для перехода В главное меню
2020-05-08 17:36:59.0284 INFO Была нажата кнопка для перехода на форму 'О программе'
2020-05-08 17:37:52.7414 INFO Была нажата кнопка для перехода В главное меню
2020-05-08 17:37:54.7086 INFO Была нажата кнопка для перехода на форму 'Авторизация'
2020-05-08 17:38:01.6845 INFO Процедура открытия файла была успешна
2020-05-08 17:38:36.5966 ERROR Процедура подключения к БД была проведена с ошибкой
2020-05-08 17:38:43.0522 ERROR Процедура подключения к БД была проведена с ошибкой
2020-05-08 17:38:55.2116 ERROR Процедура подключения к БД была проведена с ошибкой
2020-05-08 17:39:00.1317 ERROR Процедура подключения к БД была проведена с ошибкой
2020-05-08 17:39:00.3161 ERROR Процедура подключения к БД была проведена с ошибкой
2020-05-08 17:39:03.9081 INFO Процедура очистки полей ввода была успешна
2020-05-08 17:39:04.6516 INFO Была нажата кнопка для перехода В главное меню'
2020-05-08 17:39:06.1802 INFO Была нажата кнопка для перехода на форму 'Файл'
2020-05-08 17:39:06.1964 INFO Запуск открытия конкретного файла успешен
2020-05-08 17:39:07.1560 INFO Запущена процедура открытия файла
2020-05-08 17:39:09.6485 INFO Процедура открытия файла прошла успешно
2020-05-08 17:39:32.1878 INFO Была нажата кнопка для перехода В главное меню
2020-05-08 17:39:34.3718 INFO Программа была успешна закрыта
2020-05-08 17:42:13.9022 INFO Была нажата кнопка для перехода на форму 'Авторизация'
2020-05-08 17:42:16.5246 INFO Процедура открытия файла была успешна
2020-05-08 17:42:32.1802 ERROR Процедура подключения к БД была проведена с ошибкой
2020-05-08 17:42:35.1398 ERROR Процедура подключения к БД была проведена с ошибкой
2020-05-08 17:42:36.7810 INFO Была нажата кнопка для перехода В главное меню'
2020-05-08 17:45:20.7264 INFO Была нажата кнопка для перехода на форму 'Авторизация'
2020-05-08 17:45:22.7487 INFO Процедура открытия файла была успешна
2020-05-08 17:45:40.4768 ERROR Процедура подключения к БД была проведена с ошибкой
2020-05-08 17:45:43.0922 INFO Была нажата кнопка для перехода В главное меню'
2020-05-08 17:45:53.9881 INFO Была нажата кнопка для перехода на форму 'Файл'
2020-05-08 17:45:54.0041 INFO Запуск открытия конкретного файла успешен
2020-05-08 17:45:55.1963 INFO Запущена процедура открытия файла
2020-05-08 17:45:57.4511 INFO Процедура открытия файла прошла успешно
2020-05-08 17:46:55.7579 INFO Была нажата кнопка для перехода на форму 'Авторизация'
2020-05-08 17:46:58.7726 INFO Процедура открытия файла была успешна
2020-05-08 17:47:17.6761 ERROR Процедура подключения к БД была проведена с ошибкой
2020-05-08 17:47:20.0316 INFO Процедура подключения к БД была проведена успешно
2020-05-08 17:47:21.8359 INFO Была нажата кнопка для перехода В главное меню'
