2020-05-11 13:47:41.6664 INFO Была нажата кнопка для перехода на форму 'Файл'
2020-05-11 13:47:42.0008 INFO Запуск открытия конкретного файла успешен
2020-05-11 13:47:43.6319 INFO Была нажата кнопка для перехода В главное меню
2020-05-11 13:47:44.5209 INFO Была нажата кнопка для перехода на форму 'Модули'
2020-05-11 13:47:46.0009 INFO Была нажата кнопка для перехода В главное меню
2020-05-11 13:47:46.9845 INFO Была нажата кнопка для перехода на форму 'О программе'
2020-05-11 13:47:48.3286 INFO Была нажата кнопка для перехода В главное меню
2020-05-11 13:47:49.2410 INFO Была нажата кнопка для перехода на форму 'Авторизация'
2020-05-11 13:47:53.4328 INFO Была нажата кнопка для перехода В главное меню'
2020-05-11 13:47:54.8079 INFO Программа была успешна закрыта
2020-05-11 15:15:39.0224 INFO Была нажата кнопка для перехода на форму 'Авторизация'
2020-05-11 15:15:41.2854 INFO Была нажата кнопка для перехода В главное меню'
2020-05-11 15:17:31.7037 INFO Была нажата кнопка для перехода на форму 'Авторизация'
2020-05-11 15:17:32.8853 INFO Была нажата кнопка для перехода В главное меню'
2020-05-11 15:22:22.8549 INFO Была нажата кнопка для перехода на форму 'О программе'
2020-05-11 15:22:24.2054 INFO Была нажата кнопка для перехода В главное меню
2020-05-11 15:22:26.2017 INFO Программа была успешна закрыта
2020-05-11 15:27:52.7296 INFO Была нажата кнопка для перехода на форму 'О программе'
2020-05-11 15:27:54.5007 INFO Была нажата кнопка для перехода В главное меню
2020-05-11 15:28:00.0249 INFO Была нажата кнопка для перехода на форму 'О программе'
2020-05-11 15:28:03.3007 INFO Была нажата кнопка для перехода В главное меню
2020-05-11 15:47:00.5389 INFO Была нажата кнопка для перехода на форму Картинка
2020-05-11 15:47:03.2528 INFO Попытка открыть файл
2020-05-11 15:47:12.3029 INFO Файл открыт успешно
2020-05-11 15:47:18.2238 INFO Была нажата кнопка по возвращению В главное меню
2020-05-11 15:47:21.3392 INFO Программа была успешна закрыта
2020-05-11 15:47:54.1889 INFO Программа была успешна закрыта
2020-05-11 16:46:28.0741 INFO Запуск MP3_PLAYER успешен
2020-05-11 16:46:28.2040 INFO Была нажата кнопка для перехода в Аудиоплеер
2020-05-11 16:46:31.7468 INFO Попытка открыть mp3 файл
2020-05-11 16:46:42.0720 INFO Открытие файла произошло успешно
2020-05-11 16:46:49.2916 INFO Композиция запущена
2020-05-11 16:46:51.9461 INFO Композиция поставлена на паузу
2020-05-11 16:46:52.4271 INFO Композиция запущена
2020-05-11 16:46:58.6104 INFO Композиция остановлена
2020-05-11 16:46:59.5181 INFO Была нажата кнопка для перехода В главное меню
2020-05-11 16:47:01.5828 INFO Программа была успешна закрыта
2020-05-11 17:57:14.5021 INFO Была нажата кнопка для перехода на форму 'Авторизация'
2020-05-11 17:57:16.1199 INFO Процедура открытия файла была успешна
2020-05-11 17:57:36.8959 INFO Была нажата кнопка для перехода В главное меню'
2020-05-11 17:57:38.5504 INFO Программа была успешна закрыта
2020-05-11 18:06:54.9851 INFO Была нажата кнопка для перехода на форму 'О программе'
2020-05-11 18:09:03.6637 INFO Была нажата кнопка для перехода В главное меню
2020-05-11 18:09:13.4985 INFO Программа была успешна закрыта
2020-05-11 18:12:13.3310 INFO Программа была успешна закрыта
2020-05-11 18:21:16.9102 INFO Была нажата кнопка для перехода на форму 'Авторизация'
2020-05-11 18:21:18.2080 INFO Процедура открытия файла была успешна
2020-05-11 18:21:29.1761 INFO Была нажата кнопка для перехода В главное меню'
2020-05-11 18:21:31.6520 INFO Программа была успешна закрыта
2020-05-11 18:22:23.3043 INFO Была нажата кнопка для перехода на форму 'Авторизация'
2020-05-11 18:22:24.7276 INFO Процедура открытия файла была успешна
2020-05-11 18:22:43.0154 ERROR Процедура подключения к БД была проведена с ошибкой
2020-05-11 18:23:12.0423 INFO Процедура подключения к БД была проведена успешно
2020-05-11 18:23:13.7109 INFO Была нажата кнопка для перехода В главное меню'
2020-05-11 18:23:15.5950 INFO Была нажата кнопка для перехода на форму 'Файл'
2020-05-11 18:23:15.6784 INFO Запуск открытия конкретного файла успешен
2020-05-11 18:23:16.4230 INFO Запущена процедура открытия файла
2020-05-11 18:23:19.1838 INFO Процедура открытия файла прошла успешно
2020-05-11 18:23:42.0555 INFO Процедура очистки файла прошла успешно
2020-05-11 18:23:42.4233 INFO Была нажата кнопка для перехода В главное меню
2020-05-11 18:23:44.3652 INFO Была нажата кнопка для перехода на форму Картинка
2020-05-11 18:23:45.2312 INFO Попытка открыть файл
2020-05-11 18:23:55.0106 INFO Файл открыт успешно
2020-05-11 18:23:57.8066 INFO Попытка открыть файл
2020-05-11 18:24:00.8426 INFO Файл открыт успешно
2020-05-11 18:24:03.3484 INFO Была нажата кнопка по возвращению В главное меню
2020-05-11 18:24:05.2035 INFO Была нажата кнопка для перехода на форму Картинка
2020-05-11 18:24:06.0462 INFO Попытка открыть файл
2020-05-11 18:24:08.4511 INFO Файл открыт успешно
2020-05-11 18:24:11.1605 INFO Была нажата кнопка по возвращению В главное меню
2020-05-11 18:24:57.4525 INFO Была нажата кнопка для перехода на форму Картинка
2020-05-11 18:24:59.3922 INFO Попытка открыть файл
2020-05-11 18:25:04.5047 INFO Файл открыт успешно
2020-05-11 18:25:23.2105 INFO Была нажата кнопка по возвращению В главное меню
2020-05-11 18:25:24.9208 INFO Запуск MP3_PLAYER успешен
2020-05-11 18:25:24.9994 INFO Была нажата кнопка для перехода в Аудиоплеер
2020-05-11 18:25:26.8721 INFO Попытка открыть mp3 файл
2020-05-11 18:25:36.1713 INFO Открытие файла произошло успешно
2020-05-11 18:25:38.2069 INFO Композиция поставлена на паузу
2020-05-11 18:25:42.7668 INFO Композиция запущена
2020-05-11 18:25:44.6944 INFO Композиция поставлена на паузу
2020-05-11 18:26:14.2773 INFO Была нажата кнопка для перехода В главное меню
2020-05-11 18:26:18.5695 INFO Была нажата кнопка для перехода на форму 'О программе'
2020-05-11 18:26:19.7746 INFO Была нажата кнопка для перехода В главное меню
2020-05-11 18:26:21.8404 INFO Программа была успешна закрыта
