2020-04-30 16:30:22.0521 DEBUG debug message
2020-04-30 16:30:22.3491 INFO info message
2020-04-30 16:30:22.3610 WARN warn message
2020-04-30 16:30:22.3610 ERROR error message
2020-04-30 16:30:22.3741 FATAL fatal message
2020-04-30 17:24:38.6238 DEBUG debug message
2020-04-30 17:24:38.7532 INFO info message
2020-04-30 17:24:38.7646 WARN warn message
2020-04-30 17:24:38.7828 ERROR error message
2020-04-30 17:24:38.7957 FATAL fatal message
2020-04-30 17:25:00.6788 INFO Запуск открытия конкретного файла успешен
2020-04-30 17:25:02.1029 INFO Запущена процедура открытия файла
2020-04-30 17:25:04.7444 INFO Процедура открытия файла прошла успешно
2020-04-30 17:26:27.6686 DEBUG debug message
2020-04-30 17:26:27.7229 INFO info message
2020-04-30 17:26:27.7353 WARN warn message
2020-04-30 17:26:27.7614 ERROR error message
2020-04-30 17:26:27.7845 FATAL fatal message
2020-04-30 17:26:30.9744 INFO Запущена процедура открытия файла
2020-04-30 17:26:33.0119 INFO Процедура открытия файла прошла успешно
2020-04-30 17:27:39.8762 DEBUG debug message
2020-04-30 17:27:39.9300 INFO info message
2020-04-30 17:27:39.9470 WARN warn message
2020-04-30 17:27:39.9573 ERROR error message
2020-04-30 17:27:39.9702 FATAL fatal message
2020-04-30 17:27:42.2676 INFO Запуск открытия конкретного файла успешен
2020-04-30 17:27:43.4635 INFO Запущена процедура открытия файла
2020-04-30 17:27:45.7893 INFO Процедура открытия файла прошла успешно
2020-04-30 17:28:54.5715 DEBUG debug message
2020-04-30 17:28:54.6474 INFO info message
2020-04-30 17:28:54.6679 WARN warn message
2020-04-30 17:28:54.6838 ERROR error message
2020-04-30 17:28:54.6977 FATAL fatal message
2020-04-30 17:28:57.1633 INFO Запуск открытия конкретного файла успешен
2020-04-30 17:28:58.3434 INFO Запущена процедура открытия файла
2020-04-30 17:29:00.5694 INFO Процедура открытия файла прошла успешно
2020-04-30 17:29:20.6507 DEBUG debug message
2020-04-30 17:29:20.7152 INFO info message
2020-04-30 17:29:20.7389 WARN warn message
2020-04-30 17:29:20.7505 ERROR error message
2020-04-30 17:29:20.7664 FATAL fatal message
2020-04-30 17:29:23.3547 INFO Запуск открытия конкретного файла успешен
2020-04-30 17:29:26.4703 INFO Запущена процедура открытия файла
2020-04-30 17:29:28.9369 INFO Процедура открытия файла прошла успешно
2020-04-30 17:29:30.2625 INFO Запущена процедура открытия файла
2020-04-30 17:29:32.1361 INFO Процедура открытия файла прошла успешно
2020-04-30 17:29:33.6066 INFO Запущена процедура открытия файла
2020-04-30 17:29:35.9211 INFO Процедура открытия файла прошла успешно
2020-04-30 17:41:39.6674 DEBUG debug message
2020-04-30 17:41:39.7333 INFO info message
2020-04-30 17:41:39.7510 WARN warn message
2020-04-30 17:41:39.7510 ERROR error message
2020-04-30 17:41:39.7704 FATAL fatal message
2020-04-30 17:41:41.6516 INFO Запуск открытия конкретного файла успешен
2020-04-30 17:41:42.8882 INFO Запущена процедура открытия файла
2020-04-30 17:41:45.3644 INFO Процедура открытия файла прошла успешно
2020-04-30 17:41:47.1265 INFO Запущена процедура открытия файла
2020-04-30 17:41:48.9759 INFO Процедура открытия файла прошла успешно
2020-04-30 17:50:51.0748 DEBUG debug message
2020-04-30 17:50:51.1840 INFO info message
2020-04-30 17:50:51.2013 WARN warn message
2020-04-30 17:50:51.2176 ERROR error message
2020-04-30 17:50:51.2176 FATAL fatal message
2020-04-30 17:50:53.7399 INFO Запуск открытия конкретного файла успешен
2020-04-30 17:51:15.8475 INFO Запущена процедура открытия файла
2020-04-30 17:51:18.5454 INFO Процедура открытия файла прошла успешно
2020-04-30 17:51:20.5911 DEBUG debug message
2020-04-30 17:51:20.5911 INFO info message
2020-04-30 17:51:20.6122 WARN warn message
2020-04-30 17:51:20.6283 ERROR error message
2020-04-30 17:51:20.6391 FATAL fatal message
2020-04-30 17:51:47.8732 DEBUG debug message
2020-04-30 17:51:47.9437 INFO info message
2020-04-30 17:51:47.9545 WARN warn message
2020-04-30 17:51:47.9716 ERROR error message
2020-04-30 17:51:47.9840 FATAL fatal message
2020-04-30 17:51:49.5861 INFO Запуск открытия конкретного файла успешен
2020-04-30 18:06:19.0856 DEBUG debug message
2020-04-30 18:06:19.1607 INFO info message
2020-04-30 18:06:19.1715 WARN warn message
2020-04-30 18:06:19.1949 ERROR error message
2020-04-30 18:06:19.2088 FATAL fatal message
2020-04-30 18:08:11.1137 DEBUG debug message
2020-04-30 18:08:11.1730 INFO info message
2020-04-30 18:08:11.1878 WARN warn message
2020-04-30 18:08:11.2062 ERROR error message
2020-04-30 18:08:11.2209 FATAL fatal message
2020-04-30 18:38:13.5022 DEBUG debug message
2020-04-30 18:38:13.5794 INFO info message
2020-04-30 18:38:13.5794 WARN warn message
2020-04-30 18:38:13.6099 ERROR error message
2020-04-30 18:38:13.6252 FATAL fatal message
2020-04-30 18:38:17.2896 INFO Запуск открытия конкретного файла успешен
2020-04-30 18:39:39.7918 DEBUG debug message
2020-04-30 18:39:39.8698 INFO info message
2020-04-30 18:39:39.8870 WARN warn message
2020-04-30 18:39:39.9033 ERROR error message
2020-04-30 18:39:39.9033 FATAL fatal message
2020-04-30 18:39:41.8673 INFO Запуск открытия конкретного файла успешен
2020-04-30 18:40:26.6215 DEBUG debug message
2020-04-30 18:40:26.6819 INFO info message
2020-04-30 18:40:26.6959 WARN warn message
2020-04-30 18:40:26.7085 ERROR error message
2020-04-30 18:40:26.7370 FATAL fatal message
2020-04-30 18:40:28.7104 INFO Запуск открытия конкретного файла успешен
2020-04-30 18:41:09.9947 DEBUG debug message
2020-04-30 18:41:10.0564 INFO info message
2020-04-30 18:41:10.0794 WARN warn message
2020-04-30 18:41:10.1026 ERROR error message
2020-04-30 18:41:10.1257 FATAL fatal message
2020-04-30 18:41:11.8738 INFO Запуск открытия конкретного файла успешен
2020-04-30 18:42:06.4374 DEBUG debug message
2020-04-30 18:42:06.4948 INFO info message
2020-04-30 18:42:06.5061 WARN warn message
2020-04-30 18:42:06.5169 ERROR error message
2020-04-30 18:42:06.5316 FATAL fatal message
2020-04-30 18:42:08.0774 INFO Запуск открытия конкретного файла успешен
2020-04-30 18:43:37.3581 DEBUG debug message
2020-04-30 18:43:37.4319 INFO info message
2020-04-30 18:43:37.4510 WARN warn message
2020-04-30 18:43:37.4737 ERROR error message
2020-04-30 18:43:37.4902 FATAL fatal message
2020-04-30 18:43:39.4972 INFO Запуск открытия конкретного файла успешен
2020-04-30 18:44:16.2640 DEBUG debug message
2020-04-30 18:44:16.3347 INFO info message
2020-04-30 18:44:16.3674 WARN warn message
2020-04-30 18:44:16.3832 ERROR error message
2020-04-30 18:44:16.4103 FATAL fatal message
2020-04-30 18:44:18.5155 INFO Запуск открытия конкретного файла успешен
2020-04-30 18:45:03.8162 DEBUG debug message
2020-04-30 18:45:03.8876 INFO info message
2020-04-30 18:45:03.8991 WARN warn message
2020-04-30 18:45:03.9104 ERROR error message
2020-04-30 18:45:03.9218 FATAL fatal message
2020-04-30 18:45:05.4980 INFO Запуск открытия конкретного файла успешен
2020-04-30 18:45:53.7196 DEBUG debug message
2020-04-30 18:45:53.7805 INFO info message
2020-04-30 18:45:53.7945 WARN warn message
2020-04-30 18:45:53.8113 ERROR error message
2020-04-30 18:45:53.8283 FATAL fatal message
2020-04-30 18:45:56.1535 INFO Запуск открытия конкретного файла успешен
2020-04-30 18:46:51.2611 DEBUG debug message
2020-04-30 18:46:51.3243 INFO info message
2020-04-30 18:46:51.3430 WARN warn message
2020-04-30 18:46:51.3753 ERROR error message
2020-04-30 18:46:51.4004 FATAL fatal message
2020-04-30 18:46:53.2978 INFO Запуск открытия конкретного файла успешен
2020-04-30 18:48:54.7212 DEBUG debug message
2020-04-30 18:48:54.7893 INFO info message
2020-04-30 18:48:54.8042 WARN warn message
2020-04-30 18:48:54.8163 ERROR error message
2020-04-30 18:48:54.8290 FATAL fatal message
2020-04-30 18:48:56.5426 INFO Запуск открытия конкретного файла успешен
2020-04-30 18:49:44.9979 DEBUG debug message
2020-04-30 18:49:45.0836 INFO info message
2020-04-30 18:49:45.1007 WARN warn message
2020-04-30 18:49:45.1144 ERROR error message
2020-04-30 18:49:45.1264 FATAL fatal message
2020-04-30 18:49:47.1124 INFO Запуск открытия конкретного файла успешен
2020-04-30 18:52:44.6967 DEBUG debug message
2020-04-30 18:52:44.8366 INFO info message
2020-04-30 18:52:44.8538 WARN warn message
2020-04-30 18:52:44.8910 ERROR error message
2020-04-30 18:52:44.9072 FATAL fatal message
2020-04-30 18:52:48.9647 INFO Запуск открытия конкретного файла успешен
2020-04-30 18:53:09.4367 DEBUG debug message
2020-04-30 18:53:09.4367 INFO info message
2020-04-30 18:53:09.4500 WARN warn message
2020-04-30 18:53:09.4500 ERROR error message
2020-04-30 18:53:09.4667 FATAL fatal message
2020-04-30 18:53:14.3727 INFO Запуск открытия конкретного файла успешен
2020-04-30 18:53:15.2880 DEBUG debug message
2020-04-30 18:53:15.2950 INFO info message
2020-04-30 18:53:15.2950 WARN warn message
2020-04-30 18:53:15.3144 ERROR error message
2020-04-30 18:53:15.3144 FATAL fatal message
2020-04-30 19:02:14.8917 DEBUG debug message
2020-04-30 19:02:14.9722 INFO info message
2020-04-30 19:02:14.9935 WARN warn message
2020-04-30 19:02:15.0231 ERROR error message
2020-04-30 19:02:15.0566 FATAL fatal message
2020-04-30 19:02:17.0311 INFO Запуск открытия конкретного файла успешен
2020-04-30 19:02:19.4916 INFO Запущена процедура открытия файла
2020-04-30 19:02:21.9051 INFO Процедура открытия файла прошла успешно
2020-04-30 19:02:39.1689 INFO Запуск открытия конкретного файла успешен
2020-04-30 19:03:33.0433 DEBUG debug message
2020-04-30 19:03:33.1288 INFO info message
2020-04-30 19:03:33.1395 WARN warn message
2020-04-30 19:03:33.1568 ERROR error message
2020-04-30 19:03:33.1860 FATAL fatal message
2020-04-30 19:03:35.0807 INFO Запуск открытия конкретного файла успешен
2020-04-30 19:03:36.4359 INFO Запущена процедура открытия файла
2020-04-30 19:03:39.7326 INFO Процедура открытия файла прошла успешно
2020-04-30 19:03:52.9582 INFO Запуск открытия конкретного файла успешен
2020-04-30 19:16:23.5876 DEBUG debug message
2020-04-30 19:16:23.6539 INFO info message
2020-04-30 19:16:23.6539 WARN warn message
2020-04-30 19:16:23.6747 ERROR error message
2020-04-30 19:16:23.6986 FATAL fatal message
2020-04-30 19:16:25.9576 INFO Запуск открытия конкретного файла успешен
2020-04-30 19:23:54.5836 DEBUG debug message
2020-04-30 19:23:54.6861 INFO info message
2020-04-30 19:23:54.7007 WARN warn message
2020-04-30 19:23:54.7007 ERROR error message
2020-04-30 19:23:54.7224 FATAL fatal message
2020-04-30 19:29:23.7594 DEBUG debug message
2020-04-30 19:29:23.8233 INFO info message
2020-04-30 19:29:23.8339 WARN warn message
2020-04-30 19:29:23.8458 ERROR error message
2020-04-30 19:29:23.8458 FATAL fatal message
2020-04-30 19:29:26.3781 INFO Запуск открытия конкретного файла успешен
2020-04-30 19:29:27.3277 DEBUG debug message
2020-04-30 19:29:27.3277 INFO info message
2020-04-30 19:29:27.3417 WARN warn message
2020-04-30 19:29:27.3417 ERROR error message
2020-04-30 19:29:27.3417 FATAL fatal message
2020-04-30 19:31:50.9993 DEBUG debug message
2020-04-30 19:31:51.0824 INFO info message
2020-04-30 19:31:51.0962 WARN warn message
2020-04-30 19:31:51.1117 ERROR error message
2020-04-30 19:31:51.1295 FATAL fatal message
2020-04-30 19:31:58.8128 DEBUG debug message
2020-04-30 19:31:58.8128 INFO info message
2020-04-30 19:31:58.8291 WARN warn message
2020-04-30 19:31:58.8414 ERROR error message
2020-04-30 19:31:58.8414 FATAL fatal message
2020-04-30 19:33:18.7331 DEBUG debug message
2020-04-30 19:33:18.8173 INFO info message
2020-04-30 19:33:18.8295 WARN warn message
2020-04-30 19:33:18.8295 ERROR error message
2020-04-30 19:33:18.8505 FATAL fatal message
2020-04-30 19:33:33.3823 DEBUG debug message
2020-04-30 19:33:33.3875 INFO info message
2020-04-30 19:33:33.3875 WARN warn message
2020-04-30 19:33:33.4040 ERROR error message
2020-04-30 19:33:33.4040 FATAL fatal message
