2020-05-02 13:52:15.7537 DEBUG debug message
2020-05-02 13:52:15.8396 INFO info message
2020-05-02 13:52:15.8500 WARN warn message
2020-05-02 13:52:15.8626 ERROR error message
2020-05-02 13:52:15.8755 FATAL fatal message
2020-05-02 13:56:48.2400 DEBUG debug message
2020-05-02 13:56:48.3317 INFO info message
2020-05-02 13:56:48.3516 WARN warn message
2020-05-02 13:56:48.3899 ERROR error message
2020-05-02 13:56:48.3899 FATAL fatal message
2020-05-02 13:56:53.7131 INFO Запуск открытия конкретного файла успешен
2020-05-02 13:56:55.4737 DEBUG debug message
2020-05-02 13:56:55.4737 INFO info message
2020-05-02 13:56:55.4844 WARN warn message
2020-05-02 13:56:55.4844 ERROR error message
2020-05-02 13:56:55.4977 FATAL fatal message
2020-05-02 13:57:17.3130 DEBUG debug message
2020-05-02 13:57:17.3130 INFO info message
2020-05-02 13:57:17.3305 WARN warn message
2020-05-02 13:57:17.3305 ERROR error message
2020-05-02 13:57:17.3486 FATAL fatal message
2020-05-02 13:59:15.0481 DEBUG debug message
2020-05-02 13:59:15.1105 INFO info message
2020-05-02 13:59:15.1231 WARN warn message
2020-05-02 13:59:15.1231 ERROR error message
2020-05-02 13:59:15.1433 FATAL fatal message
2020-05-02 14:02:06.3740 DEBUG debug message
2020-05-02 14:02:06.4467 INFO info message
2020-05-02 14:02:06.4778 WARN warn message
2020-05-02 14:02:06.5024 ERROR error message
2020-05-02 14:02:06.5165 FATAL fatal message
2020-05-02 14:02:24.4065 DEBUG debug message
2020-05-02 14:02:24.4065 INFO info message
2020-05-02 14:02:24.4228 WARN warn message
2020-05-02 14:02:24.4379 ERROR error message
2020-05-02 14:02:24.4379 FATAL fatal message
2020-05-02 14:02:41.5951 DEBUG debug message
2020-05-02 14:02:41.6364 INFO info message
2020-05-02 14:02:41.6529 WARN warn message
2020-05-02 14:02:41.6661 ERROR error message
2020-05-02 14:02:41.6815 FATAL fatal message
2020-05-02 14:03:06.5899 DEBUG debug message
2020-05-02 14:03:06.6504 INFO info message
2020-05-02 14:03:06.6611 WARN warn message
2020-05-02 14:03:06.6767 ERROR error message
2020-05-02 14:03:06.6940 FATAL fatal message
2020-05-02 14:03:12.2676 DEBUG debug message
2020-05-02 14:03:12.2676 INFO info message
2020-05-02 14:03:12.2811 WARN warn message
2020-05-02 14:03:12.2811 ERROR error message
2020-05-02 14:03:12.3036 FATAL fatal message
2020-05-02 14:03:16.4415 DEBUG debug message
2020-05-02 14:03:16.4543 INFO info message
2020-05-02 14:03:16.4687 WARN warn message
2020-05-02 14:03:16.4687 ERROR error message
2020-05-02 14:03:16.4887 FATAL fatal message
2020-05-02 14:03:20.3846 DEBUG debug message
2020-05-02 14:03:20.3906 INFO info message
2020-05-02 14:03:20.3906 WARN warn message
2020-05-02 14:03:20.4147 ERROR error message
2020-05-02 14:03:20.4259 FATAL fatal message
2020-05-02 14:03:21.2054 INFO Запуск открытия конкретного файла успешен
2020-05-02 14:03:38.7055 INFO Запуск открытия конкретного файла успешен
2020-05-02 14:03:39.7750 INFO Запуск открытия конкретного файла успешен
2020-05-02 14:03:41.8720 DEBUG debug message
2020-05-02 14:03:41.8720 INFO info message
2020-05-02 14:03:41.8935 WARN warn message
2020-05-02 14:03:41.8935 ERROR error message
2020-05-02 14:03:41.9132 FATAL fatal message
